<?xml version="1.0" encoding="UTF-8"?>
<testng-results ignored="0" total="1" passed="1" failed="0" skipped="0">
  <reporter-output>
  </reporter-output>
  <suite started-at="2022-06-26T23:06:23 IST" name="Default suite" finished-at="2022-06-26T23:06:32 IST" duration-ms="8539">
    <groups>
    </groups>
    <test started-at="2022-06-26T23:06:23 IST" name="Default test" finished-at="2022-06-26T23:06:32 IST" duration-ms="8539">
      <class name="General_Preparation.P_03_Reverse_String_Palindrome">
        <test-method signature="P_3()[pri:0, instance:General_Preparation.P_03_Reverse_String_Palindrome@20ce78ec]" started-at="2022-06-26T23:06:23 IST" name="P_3" finished-at="2022-06-26T23:06:32 IST" duration-ms="8511" status="PASS">
          <reporter-output>
          </reporter-output>
        </test-method> <!-- P_3 -->
      </class> <!-- General_Preparation.P_03_Reverse_String_Palindrome -->
    </test> <!-- Default test -->
  </suite> <!-- Default suite -->
</testng-results>
